/*C2*/SET SCHEMA PUBLIC
DISCONNECT
/*C3*/SET SCHEMA PUBLIC
create table Party (id bigint generated by default as identity (start with 1), addressLine1 varchar(255), addressLine2 varchar(255), country varchar(255), county varchar(255), latitude double, longitude double, mobile varchar(255), number varchar(255), postcode varchar(255), telephone varchar(255), enabled boolean, firstName varchar(255), partyRole integer, partyStatus integer, secondName varchar(255), uuid varchar(255), primary key (id))
create table role (id bigint not null, name varchar(255), primary key (id))
create table user (id bigint not null, addressLine1 varchar(255), addressLine2 varchar(255), country varchar(255), county varchar(255), latitude double, longitude double, mobile varchar(255), number varchar(255), postcode varchar(255), telephone varchar(255), enabled boolean, firstName varchar(255), password varchar(255), secondName varchar(255), username varchar(255), primary key (id))
create table user_party (user_id bigint not null, party_id bigint not null, primary key (user_id, party_id))
create table user_role (user_id bigint not null, role_id bigint not null, primary key (user_id, role_id))
create sequence hibernate_sequence start with 1 increment by 1
alter table user_party add constraint FKj9s6s0qnompwaaon3d656ydvr foreign key (party_id) references user
alter table user_party add constraint FK6lq5t9k9krv5w821qqkulyp82 foreign key (user_id) references Party
alter table user_role add constraint FKa68196081fvovjhkek5m97n3y foreign key (role_id) references role
alter table user_role add constraint FK859n2jvi8ivhui0rl0esws6o foreign key (user_id) references user
DISCONNECT
/*C4*/SET SCHEMA PUBLIC
ROLLBACK
DISCONNECT
/*C5*/SET SCHEMA PUBLIC
ROLLBACK
ALTER SEQUENCE PUBLIC.HIBERNATE_SEQUENCE RESTART WITH 3
DISCONNECT
/*C6*/SET SCHEMA PUBLIC
ROLLBACK
ALTER SEQUENCE PUBLIC.HIBERNATE_SEQUENCE RESTART WITH 4
DISCONNECT
/*C7*/SET SCHEMA PUBLIC
DISCONNECT
/*C8*/SET SCHEMA PUBLIC
DISCONNECT
/*C9*/SET SCHEMA PUBLIC
ROLLBACK
ALTER SEQUENCE PUBLIC.HIBERNATE_SEQUENCE RESTART WITH 9
DISCONNECT
