/*C4*/SET SCHEMA PUBLIC
DISCONNECT
/*C5*/SET SCHEMA PUBLIC
alter table Auction_Lot drop constraint UK_coa4u7ju4h1s2v3vaxc5fxr4k
alter table Auction_Lot add constraint UK_coa4u7ju4h1s2v3vaxc5fxr4k unique (lots_id)
alter table Lot_Bid drop constraint UK_ppfjw263md5dd2rro8d0f7qbt
alter table Lot_Bid add constraint UK_ppfjw263md5dd2rro8d0f7qbt unique (bids_id)
DISCONNECT
/*C6*/SET SCHEMA PUBLIC
ROLLBACK
DISCONNECT
/*C7*/SET SCHEMA PUBLIC
ROLLBACK
DISCONNECT
/*C8*/SET SCHEMA PUBLIC
DISCONNECT
/*C9*/SET SCHEMA PUBLIC
DISCONNECT
/*C10*/SET SCHEMA PUBLIC
ROLLBACK
ALTER SEQUENCE PUBLIC.HIBERNATE_SEQUENCE RESTART WITH 6
DISCONNECT
/*C11*/SET SCHEMA PUBLIC
ROLLBACK
ALTER SEQUENCE PUBLIC.HIBERNATE_SEQUENCE RESTART WITH 11
DISCONNECT
/*C12*/SET SCHEMA PUBLIC
DISCONNECT
/*C13*/SET SCHEMA PUBLIC
DISCONNECT
/*C14*/SET SCHEMA PUBLIC
ROLLBACK
ALTER SEQUENCE PUBLIC.HIBERNATE_SEQUENCE RESTART WITH 16
DISCONNECT
/*C15*/SET SCHEMA PUBLIC
DISCONNECT
/*C16*/SET SCHEMA PUBLIC
DISCONNECT
/*C17*/SET SCHEMA PUBLIC
ROLLBACK
ALTER SEQUENCE PUBLIC.HIBERNATE_SEQUENCE RESTART WITH 18
DISCONNECT
